  [1m[35m (3027.6ms)[0m  [1m[35mCREATE DATABASE "eventbrite_devise_development" ENCODING = 'unicode'[0m
  ↳ /usr/share/rubygems-integration/all/gems/rake-13.0.1/lib/rake/task.rb:281
  [1m[35m (930.8ms)[0m  [1m[35mCREATE DATABASE "eventbrite_devise_test" ENCODING = 'unicode'[0m
  ↳ /usr/share/rubygems-integration/all/gems/rake-13.0.1/lib/rake/task.rb:281
  [1m[35m (689.4ms)[0m  [1m[35mDROP DATABASE IF EXISTS "eventbrite_devise_development"[0m
  ↳ /usr/share/rubygems-integration/all/gems/rake-13.0.1/lib/rake/task.rb:281
  [1m[35m (450.5ms)[0m  [1m[35mDROP DATABASE IF EXISTS "eventbrite_devise_test"[0m
  ↳ /usr/share/rubygems-integration/all/gems/rake-13.0.1/lib/rake/task.rb:281
  [1m[35m (1011.6ms)[0m  [1m[35mCREATE DATABASE "eventbrite_devise_development" ENCODING = 'unicode'[0m
  ↳ /usr/share/rubygems-integration/all/gems/rake-13.0.1/lib/rake/task.rb:281
  [1m[35m (883.1ms)[0m  [1m[35mCREATE DATABASE "eventbrite_devise_test" ENCODING = 'unicode'[0m
  ↳ /usr/share/rubygems-integration/all/gems/rake-13.0.1/lib/rake/task.rb:281
  [1m[35m (291.0ms)[0m  [1m[35mCREATE TABLE "schema_migrations" ("version" character varying NOT NULL PRIMARY KEY)[0m
  ↳ /usr/share/rubygems-integration/all/gems/rake-13.0.1/lib/rake/task.rb:281
  [1m[35m (127.9ms)[0m  [1m[35mCREATE TABLE "ar_internal_metadata" ("key" character varying NOT NULL PRIMARY KEY, "value" character varying, "created_at" timestamp NOT NULL, "updated_at" timestamp NOT NULL)[0m
  ↳ /usr/share/rubygems-integration/all/gems/rake-13.0.1/lib/rake/task.rb:281
  [1m[35m (21.4ms)[0m  [1m[34mSELECT pg_try_advisory_lock(7313598518728384365)[0m
  ↳ /usr/share/rubygems-integration/all/gems/rake-13.0.1/lib/rake/task.rb:281
  [1m[35m (1.1ms)[0m  [1m[34mSELECT "schema_migrations"."version" FROM "schema_migrations" ORDER BY "schema_migrations"."version" ASC[0m
  ↳ /usr/share/rubygems-integration/all/gems/rake-13.0.1/lib/rake/task.rb:281
Migrating to CreateUsers (20200217102005)
  [1m[35m (0.3ms)[0m  [1m[35mBEGIN[0m
  ↳ /usr/share/rubygems-integration/all/gems/rake-13.0.1/lib/rake/task.rb:281
  [1m[35m (123.6ms)[0m  [1m[35mCREATE TABLE "users" ("id" bigserial primary key, "first_name" character varying, "last_name" character varying, "description" text, "email" character varying DEFAULT '' NOT NULL, "encrypted_password" character varying DEFAULT '' NOT NULL, "created_at" timestamp NOT NULL, "updated_at" timestamp NOT NULL)[0m
  ↳ db/migrate/20200217102005_create_users.rb:3
  [1m[36mActiveRecord::SchemaMigration Create (1.4ms)[0m  [1m[32mINSERT INTO "schema_migrations" ("version") VALUES ($1) RETURNING "version"[0m  [["version", "20200217102005"]]
  ↳ /usr/share/rubygems-integration/all/gems/rake-13.0.1/lib/rake/task.rb:281
  [1m[35m (38.4ms)[0m  [1m[35mCOMMIT[0m
  ↳ /usr/share/rubygems-integration/all/gems/rake-13.0.1/lib/rake/task.rb:281
Migrating to CreateEvents (20200217102609)
  [1m[35m (0.4ms)[0m  [1m[35mBEGIN[0m
  ↳ /usr/share/rubygems-integration/all/gems/rake-13.0.1/lib/rake/task.rb:281
  [1m[35m (137.1ms)[0m  [1m[35mCREATE TABLE "events" ("id" bigserial primary key, "start_date" timestamp, "duration" integer, "title" character varying, "description" text, "price" integer, "location" character varying, "admin_id" bigint, "created_at" timestamp NOT NULL, "updated_at" timestamp NOT NULL)[0m
  ↳ db/migrate/20200217102609_create_events.rb:3
  [1m[35m (59.8ms)[0m  [1m[35mCREATE  INDEX  "index_events_on_admin_id" ON "events"  ("admin_id")[0m
  ↳ db/migrate/20200217102609_create_events.rb:3
  [1m[36mActiveRecord::SchemaMigration Create (0.6ms)[0m  [1m[32mINSERT INTO "schema_migrations" ("version") VALUES ($1) RETURNING "version"[0m  [["version", "20200217102609"]]
  ↳ /usr/share/rubygems-integration/all/gems/rake-13.0.1/lib/rake/task.rb:281
  [1m[35m (32.4ms)[0m  [1m[35mCOMMIT[0m
  ↳ /usr/share/rubygems-integration/all/gems/rake-13.0.1/lib/rake/task.rb:281
Migrating to CreateAttendances (20200217102837)
  [1m[35m (0.3ms)[0m  [1m[35mBEGIN[0m
  ↳ /usr/share/rubygems-integration/all/gems/rake-13.0.1/lib/rake/task.rb:281
  [1m[35m (106.9ms)[0m  [1m[35mCREATE TABLE "attendances" ("id" bigserial primary key, "stripe_customer_id" character varying, "user_id" bigint, "event_id" bigint, "created_at" timestamp NOT NULL, "updated_at" timestamp NOT NULL)[0m
  ↳ db/migrate/20200217102837_create_attendances.rb:3
  [1m[35m (55.0ms)[0m  [1m[35mCREATE  INDEX  "index_attendances_on_user_id" ON "attendances"  ("user_id")[0m
  ↳ db/migrate/20200217102837_create_attendances.rb:3
  [1m[35m (68.9ms)[0m  [1m[35mCREATE  INDEX  "index_attendances_on_event_id" ON "attendances"  ("event_id")[0m
  ↳ db/migrate/20200217102837_create_attendances.rb:3
  [1m[36mActiveRecord::SchemaMigration Create (1.4ms)[0m  [1m[32mINSERT INTO "schema_migrations" ("version") VALUES ($1) RETURNING "version"[0m  [["version", "20200217102837"]]
  ↳ /usr/share/rubygems-integration/all/gems/rake-13.0.1/lib/rake/task.rb:281
  [1m[35m (30.9ms)[0m  [1m[35mCOMMIT[0m
  ↳ /usr/share/rubygems-integration/all/gems/rake-13.0.1/lib/rake/task.rb:281
Migrating to AddDeviseToUsers (20200218125509)
  [1m[35m (0.5ms)[0m  [1m[35mBEGIN[0m
  ↳ /usr/share/rubygems-integration/all/gems/rake-13.0.1/lib/rake/task.rb:281
  [1m[35m (0.9ms)[0m  [1m[35mALTER TABLE "users" ADD "reset_password_token" character varying[0m
  ↳ db/migrate/20200218125509_add_devise_to_users.rb:9
  [1m[35m (0.6ms)[0m  [1m[35mALTER TABLE "users" ADD "reset_password_sent_at" timestamp[0m
  ↳ db/migrate/20200218125509_add_devise_to_users.rb:10
  [1m[35m (0.7ms)[0m  [1m[35mALTER TABLE "users" ADD "remember_created_at" timestamp[0m
  ↳ db/migrate/20200218125509_add_devise_to_users.rb:13
  [1m[35m (54.7ms)[0m  [1m[35mCREATE UNIQUE INDEX  "index_users_on_email" ON "users"  ("email")[0m
  ↳ db/migrate/20200218125509_add_devise_to_users.rb:38
  [1m[35m (54.8ms)[0m  [1m[35mCREATE UNIQUE INDEX  "index_users_on_reset_password_token" ON "users"  ("reset_password_token")[0m
  ↳ db/migrate/20200218125509_add_devise_to_users.rb:39
  [1m[36mActiveRecord::SchemaMigration Create (0.6ms)[0m  [1m[32mINSERT INTO "schema_migrations" ("version") VALUES ($1) RETURNING "version"[0m  [["version", "20200218125509"]]
  ↳ /usr/share/rubygems-integration/all/gems/rake-13.0.1/lib/rake/task.rb:281
  [1m[35m (45.1ms)[0m  [1m[35mCOMMIT[0m
  ↳ /usr/share/rubygems-integration/all/gems/rake-13.0.1/lib/rake/task.rb:281
  [1m[36mActiveRecord::InternalMetadata Load (1.1ms)[0m  [1m[34mSELECT  "ar_internal_metadata".* FROM "ar_internal_metadata" WHERE "ar_internal_metadata"."key" = $1 LIMIT $2[0m  [["key", "environment"], ["LIMIT", 1]]
  ↳ /usr/share/rubygems-integration/all/gems/rake-13.0.1/lib/rake/task.rb:281
  [1m[35m (0.2ms)[0m  [1m[35mBEGIN[0m
  ↳ /usr/share/rubygems-integration/all/gems/rake-13.0.1/lib/rake/task.rb:281
  [1m[36mActiveRecord::InternalMetadata Create (1.0ms)[0m  [1m[32mINSERT INTO "ar_internal_metadata" ("key", "value", "created_at", "updated_at") VALUES ($1, $2, $3, $4) RETURNING "key"[0m  [["key", "environment"], ["value", "development"], ["created_at", "2020-08-11 16:06:34.755036"], ["updated_at", "2020-08-11 16:06:34.755036"]]
  ↳ /usr/share/rubygems-integration/all/gems/rake-13.0.1/lib/rake/task.rb:281
  [1m[35m (30.8ms)[0m  [1m[35mCOMMIT[0m
  ↳ /usr/share/rubygems-integration/all/gems/rake-13.0.1/lib/rake/task.rb:281
  [1m[35m (0.9ms)[0m  [1m[34mSELECT pg_advisory_unlock(7313598518728384365)[0m
  ↳ /usr/share/rubygems-integration/all/gems/rake-13.0.1/lib/rake/task.rb:281
  [1m[35m (0.9ms)[0m  [1m[34mSELECT "schema_migrations"."version" FROM "schema_migrations" ORDER BY "schema_migrations"."version" ASC[0m
  ↳ /usr/share/rubygems-integration/all/gems/rake-13.0.1/lib/rake/task.rb:281
  [1m[35m (2.5ms)[0m  [1m[34mSELECT "schema_migrations"."version" FROM "schema_migrations" ORDER BY "schema_migrations"."version" ASC[0m
  ↳ /usr/share/rubygems-integration/all/gems/rake-13.0.1/lib/rake/task.rb:281
  [1m[36mUser Load (1.6ms)[0m  [1m[34mSELECT "users".* FROM "users"[0m
  ↳ db/seeds.rb:2
  [1m[36mEvent Load (1.1ms)[0m  [1m[34mSELECT "events".* FROM "events"[0m
  ↳ db/seeds.rb:3
  [1m[35m (0.3ms)[0m  [1m[35mBEGIN[0m
  ↳ db/seeds.rb:7
  [1m[36mUser Exists (1.0ms)[0m  [1m[34mSELECT  1 AS one FROM "users" WHERE "users"."email" = $1 LIMIT $2[0m  [["email", "jamaal1@yopmail.com"], ["LIMIT", 1]]
  ↳ db/seeds.rb:7
  [1m[36mUser Create (22.3ms)[0m  [1m[32mINSERT INTO "users" ("first_name", "last_name", "description", "email", "encrypted_password", "created_at", "updated_at") VALUES ($1, $2, $3, $4, $5, $6, $7) RETURNING "id"[0m  [["first_name", "Marjory"], ["last_name", "Bode"], ["description", "Ut recusandae quae. Praesentium aut aut. Autem doloribus illo."], ["email", "jamaal1@yopmail.com"], ["encrypted_password", "$2a$11$kWqSlAO.UYvELS/VuOGGruESfudeJs0kYQYESmmISMb.HgwMZxRDO"], ["created_at", "2020-08-11 16:06:46.227617"], ["updated_at", "2020-08-11 16:06:46.227617"]]
  ↳ db/seeds.rb:7
  [1m[35m (39.5ms)[0m  [1m[35mCOMMIT[0m
  ↳ db/seeds.rb:7
  [1m[35m (0.3ms)[0m  [1m[35mBEGIN[0m
  ↳ db/seeds.rb:7
  [1m[36mUser Exists (0.7ms)[0m  [1m[34mSELECT  1 AS one FROM "users" WHERE "users"."email" = $1 LIMIT $2[0m  [["email", "maisha2@yopmail.com"], ["LIMIT", 1]]
  ↳ db/seeds.rb:7
  [1m[36mUser Create (0.8ms)[0m  [1m[32mINSERT INTO "users" ("first_name", "last_name", "description", "email", "encrypted_password", "created_at", "updated_at") VALUES ($1, $2, $3, $4, $5, $6, $7) RETURNING "id"[0m  [["first_name", "Gale"], ["last_name", "Kilback"], ["description", "Nemo consectetur ea. Similique beatae et. Consequatur necessitatibus dolores."], ["email", "maisha2@yopmail.com"], ["encrypted_password", "$2a$11$hw8CMiyWapdtK40S/.ZyyuSiehUz2I29D7iykkHRfM51eNH.iYT.a"], ["created_at", "2020-08-11 16:06:46.500618"], ["updated_at", "2020-08-11 16:06:46.500618"]]
  ↳ db/seeds.rb:7
  [1m[35m (57.7ms)[0m  [1m[35mCOMMIT[0m
  ↳ db/seeds.rb:7
  [1m[35m (0.3ms)[0m  [1m[35mBEGIN[0m
  ↳ db/seeds.rb:7
  [1m[36mUser Exists (0.6ms)[0m  [1m[34mSELECT  1 AS one FROM "users" WHERE "users"."email" = $1 LIMIT $2[0m  [["email", "lyn3@yopmail.com"], ["LIMIT", 1]]
  ↳ db/seeds.rb:7
  [1m[36mUser Create (0.6ms)[0m  [1m[32mINSERT INTO "users" ("first_name", "last_name", "description", "email", "encrypted_password", "created_at", "updated_at") VALUES ($1, $2, $3, $4, $5, $6, $7) RETURNING "id"[0m  [["first_name", "Royce"], ["last_name", "Rempel"], ["description", "Facere voluptatem doloremque. Eius quod voluptatem. Nihil consequatur id."], ["email", "lyn3@yopmail.com"], ["encrypted_password", "$2a$11$K/2KKUY8YYuza6JG3MrcuOHLCUhtvQNLKYaH0iZzh5OBoORTpNNSe"], ["created_at", "2020-08-11 16:06:46.772974"], ["updated_at", "2020-08-11 16:06:46.772974"]]
  ↳ db/seeds.rb:7
  [1m[35m (31.3ms)[0m  [1m[35mCOMMIT[0m
  ↳ db/seeds.rb:7
  [1m[35m (0.2ms)[0m  [1m[35mBEGIN[0m
  ↳ db/seeds.rb:7
  [1m[36mUser Exists (0.7ms)[0m  [1m[34mSELECT  1 AS one FROM "users" WHERE "users"."email" = $1 LIMIT $2[0m  [["email", "donald4@yopmail.com"], ["LIMIT", 1]]
  ↳ db/seeds.rb:7
  [1m[36mUser Create (0.7ms)[0m  [1m[32mINSERT INTO "users" ("first_name", "last_name", "description", "email", "encrypted_password", "created_at", "updated_at") VALUES ($1, $2, $3, $4, $5, $6, $7) RETURNING "id"[0m  [["first_name", "Tessie"], ["last_name", "Bahringer"], ["description", "Consequatur qui voluptas. Natus voluptatem eius. Vero vel doloremque."], ["email", "donald4@yopmail.com"], ["encrypted_password", "$2a$11$q4URII3pg3xSohTNi0srNeU7yTuPRVeFk1VMV2skhoiWtftu7IYFm"], ["created_at", "2020-08-11 16:06:47.014434"], ["updated_at", "2020-08-11 16:06:47.014434"]]
  ↳ db/seeds.rb:7
  [1m[35m (47.5ms)[0m  [1m[35mCOMMIT[0m
  ↳ db/seeds.rb:7
  [1m[35m (0.3ms)[0m  [1m[35mBEGIN[0m
  ↳ db/seeds.rb:7
  [1m[36mUser Exists (0.7ms)[0m  [1m[34mSELECT  1 AS one FROM "users" WHERE "users"."email" = $1 LIMIT $2[0m  [["email", "len5@yopmail.com"], ["LIMIT", 1]]
  ↳ db/seeds.rb:7
  [1m[36mUser Create (0.6ms)[0m  [1m[32mINSERT INTO "users" ("first_name", "last_name", "description", "email", "encrypted_password", "created_at", "updated_at") VALUES ($1, $2, $3, $4, $5, $6, $7) RETURNING "id"[0m  [["first_name", "Eddie"], ["last_name", "Schaden"], ["description", "Excepturi perspiciatis aut. Similique officia nobis. Recusandae quasi nulla."], ["email", "len5@yopmail.com"], ["encrypted_password", "$2a$11$ee9DD4PtZLOo0HoaDFX5w.CjLpwVwS2Fbn8umLRPuYF6tjdnfnyuS"], ["created_at", "2020-08-11 16:06:47.271778"], ["updated_at", "2020-08-11 16:06:47.271778"]]
  ↳ db/seeds.rb:7
  [1m[35m (36.7ms)[0m  [1m[35mCOMMIT[0m
  ↳ db/seeds.rb:7
  [1m[35m (0.3ms)[0m  [1m[35mBEGIN[0m
  ↳ db/seeds.rb:7
  [1m[36mUser Exists (1.2ms)[0m  [1m[34mSELECT  1 AS one FROM "users" WHERE "users"."email" = $1 LIMIT $2[0m  [["email", "alberto6@yopmail.com"], ["LIMIT", 1]]
  ↳ db/seeds.rb:7
  [1m[36mUser Create (0.8ms)[0m  [1m[32mINSERT INTO "users" ("first_name", "last_name", "description", "email", "encrypted_password", "created_at", "updated_at") VALUES ($1, $2, $3, $4, $5, $6, $7) RETURNING "id"[0m  [["first_name", "Tristan"], ["last_name", "Barton"], ["description", "Aut expedita quae. Dolorem tempore ut. Occaecati quia sequi."], ["email", "alberto6@yopmail.com"], ["encrypted_password", "$2a$11$uxYQCIDTTLgTpef0uJNTneli/QqfaneN78QH.9wkTrtTuQTtobBQ6"], ["created_at", "2020-08-11 16:06:47.521716"], ["updated_at", "2020-08-11 16:06:47.521716"]]
  ↳ db/seeds.rb:7
  [1m[35m (44.6ms)[0m  [1m[35mCOMMIT[0m
  ↳ db/seeds.rb:7
  [1m[35m (0.3ms)[0m  [1m[35mBEGIN[0m
  ↳ db/seeds.rb:7
  [1m[36mUser Exists (0.6ms)[0m  [1m[34mSELECT  1 AS one FROM "users" WHERE "users"."email" = $1 LIMIT $2[0m  [["email", "estelle7@yopmail.com"], ["LIMIT", 1]]
  ↳ db/seeds.rb:7
  [1m[36mUser Create (0.8ms)[0m  [1m[32mINSERT INTO "users" ("first_name", "last_name", "description", "email", "encrypted_password", "created_at", "updated_at") VALUES ($1, $2, $3, $4, $5, $6, $7) RETURNING "id"[0m  [["first_name", "Meri"], ["last_name", "Batz"], ["description", "Consectetur nesciunt corporis. At ipsam distinctio. Dolorum placeat sapiente."], ["email", "estelle7@yopmail.com"], ["encrypted_password", "$2a$11$P9D0pm8aY6gdQAsB3eF8ye/2UUcyPupgAt4X3Il87KkPqeWP4HGyq"], ["created_at", "2020-08-11 16:06:47.781382"], ["updated_at", "2020-08-11 16:06:47.781382"]]
  ↳ db/seeds.rb:7
  [1m[35m (25.9ms)[0m  [1m[35mCOMMIT[0m
  ↳ db/seeds.rb:7
  [1m[35m (0.2ms)[0m  [1m[35mBEGIN[0m
  ↳ db/seeds.rb:7
  [1m[36mUser Exists (0.7ms)[0m  [1m[34mSELECT  1 AS one FROM "users" WHERE "users"."email" = $1 LIMIT $2[0m  [["email", "tory8@yopmail.com"], ["LIMIT", 1]]
  ↳ db/seeds.rb:7
  [1m[36mUser Create (0.7ms)[0m  [1m[32mINSERT INTO "users" ("first_name", "last_name", "description", "email", "encrypted_password", "created_at", "updated_at") VALUES ($1, $2, $3, $4, $5, $6, $7) RETURNING "id"[0m  [["first_name", "Jody"], ["last_name", "Kiehn"], ["description", "Et impedit quisquam. Necessitatibus quibusdam omnis. Dolores molestiae quia."], ["email", "tory8@yopmail.com"], ["encrypted_password", "$2a$11$mBjMc1459VHWNe42nKRJjOr6iKDjucZM1HmTeNH4PUjLRn13xZhYu"], ["created_at", "2020-08-11 16:06:48.020566"], ["updated_at", "2020-08-11 16:06:48.020566"]]
  ↳ db/seeds.rb:7
  [1m[35m (32.0ms)[0m  [1m[35mCOMMIT[0m
  ↳ db/seeds.rb:7
  [1m[35m (0.3ms)[0m  [1m[35mBEGIN[0m
  ↳ db/seeds.rb:7
  [1m[36mUser Exists (0.7ms)[0m  [1m[34mSELECT  1 AS one FROM "users" WHERE "users"."email" = $1 LIMIT $2[0m  [["email", "edward9@yopmail.com"], ["LIMIT", 1]]
  ↳ db/seeds.rb:7
  [1m[36mUser Create (0.6ms)[0m  [1m[32mINSERT INTO "users" ("first_name", "last_name", "description", "email", "encrypted_password", "created_at", "updated_at") VALUES ($1, $2, $3, $4, $5, $6, $7) RETURNING "id"[0m  [["first_name", "Epifania"], ["last_name", "Schoen"], ["description", "Et officia deleniti. Eius earum ab. Voluptate rerum nemo."], ["email", "edward9@yopmail.com"], ["encrypted_password", "$2a$11$IY.EXbVssdZrKK/NON.zn.5rUrM7NRI3xXbOPUs5Tr0HMPmVazceC"], ["created_at", "2020-08-11 16:06:48.272244"], ["updated_at", "2020-08-11 16:06:48.272244"]]
  ↳ db/seeds.rb:7
  [1m[35m (40.0ms)[0m  [1m[35mCOMMIT[0m
  ↳ db/seeds.rb:7
  [1m[35m (0.3ms)[0m  [1m[35mBEGIN[0m
  ↳ db/seeds.rb:7
  [1m[36mUser Exists (1.1ms)[0m  [1m[34mSELECT  1 AS one FROM "users" WHERE "users"."email" = $1 LIMIT $2[0m  [["email", "slyvia10@yopmail.com"], ["LIMIT", 1]]
  ↳ db/seeds.rb:7
  [1m[36mUser Create (2.1ms)[0m  [1m[32mINSERT INTO "users" ("first_name", "last_name", "description", "email", "encrypted_password", "created_at", "updated_at") VALUES ($1, $2, $3, $4, $5, $6, $7) RETURNING "id"[0m  [["first_name", "Santana"], ["last_name", "Rippin"], ["description", "Sit sapiente quia. Vitae magni neque. Et maiores reiciendis."], ["email", "slyvia10@yopmail.com"], ["encrypted_password", "$2a$11$v0DDu7ihXdl3qpzHe.jM4OjdU/L2ddX/nok/qe5shHl98UYDYzLqq"], ["created_at", "2020-08-11 16:06:48.521578"], ["updated_at", "2020-08-11 16:06:48.521578"]]
  ↳ db/seeds.rb:7
  [1m[35m (47.3ms)[0m  [1m[35mCOMMIT[0m
  ↳ db/seeds.rb:7
  [1m[35m (0.2ms)[0m  [1m[35mBEGIN[0m
  ↳ db/seeds.rb:21
  [1m[35m (4.2ms)[0m  [1m[31mROLLBACK[0m
  ↳ db/seeds.rb:21
Started GET "/" for ::1 at 2020-08-11 18:07:47 +0200
  [1m[35m (4.6ms)[0m  [1m[34mSELECT "schema_migrations"."version" FROM "schema_migrations" ORDER BY "schema_migrations"."version" ASC[0m
  ↳ /var/lib/gems/2.7.0/gems/activerecord-5.2.4.1/lib/active_record/log_subscriber.rb:98
Processing by EventsController#index as HTML
  Rendering events/index.html.erb within layouts/application
  [1m[36mEvent Load (4.5ms)[0m  [1m[34mSELECT "events".* FROM "events" ORDER BY "events"."start_date" ASC[0m
  ↳ app/views/events/index.html.erb:23
  Rendered events/index.html.erb within layouts/application (21.4ms)
Completed 200 OK in 644ms (Views: 610.8ms | ActiveRecord: 7.2ms)


Started GET "/about.html" for ::1 at 2020-08-11 18:08:11 +0200
  
ActionController::RoutingError (No route matches [GET] "/about.html"):
  
actionpack (5.2.4.1) lib/action_dispatch/middleware/debug_exceptions.rb:65:in `call'
web-console (3.7.0) lib/web_console/middleware.rb:135:in `call_app'
web-console (3.7.0) lib/web_console/middleware.rb:30:in `block in call'
web-console (3.7.0) lib/web_console/middleware.rb:20:in `catch'
web-console (3.7.0) lib/web_console/middleware.rb:20:in `call'
actionpack (5.2.4.1) lib/action_dispatch/middleware/show_exceptions.rb:33:in `call'
railties (5.2.4.1) lib/rails/rack/logger.rb:38:in `call_app'
railties (5.2.4.1) lib/rails/rack/logger.rb:26:in `block in call'
activesupport (5.2.4.1) lib/active_support/tagged_logging.rb:71:in `block in tagged'
activesupport (5.2.4.1) lib/active_support/tagged_logging.rb:28:in `tagged'
activesupport (5.2.4.1) lib/active_support/tagged_logging.rb:71:in `tagged'
railties (5.2.4.1) lib/rails/rack/logger.rb:26:in `call'
sprockets-rails (3.2.1) lib/sprockets/rails/quiet_assets.rb:13:in `call'
actionpack (5.2.4.1) lib/action_dispatch/middleware/remote_ip.rb:81:in `call'
actionpack (5.2.4.1) lib/action_dispatch/middleware/request_id.rb:27:in `call'
rack (2.2.2) lib/rack/method_override.rb:24:in `call'
rack (2.2.2) lib/rack/runtime.rb:22:in `call'
activesupport (5.2.4.1) lib/active_support/cache/strategy/local_cache_middleware.rb:29:in `call'
actionpack (5.2.4.1) lib/action_dispatch/middleware/executor.rb:14:in `call'
actionpack (5.2.4.1) lib/action_dispatch/middleware/static.rb:127:in `call'
rack (2.2.2) lib/rack/sendfile.rb:110:in `call'
railties (5.2.4.1) lib/rails/engine.rb:524:in `call'
puma (3.12.2) lib/puma/configuration.rb:227:in `call'
puma (3.12.2) lib/puma/server.rb:674:in `handle_request'
puma (3.12.2) lib/puma/server.rb:476:in `process_client'
puma (3.12.2) lib/puma/server.rb:334:in `block in run'
puma (3.12.2) lib/puma/thread_pool.rb:135:in `block in spawn_thread'
Started GET "/contact.html" for ::1 at 2020-08-11 18:08:20 +0200
  
ActionController::RoutingError (No route matches [GET] "/contact.html"):
  
actionpack (5.2.4.1) lib/action_dispatch/middleware/debug_exceptions.rb:65:in `call'
web-console (3.7.0) lib/web_console/middleware.rb:135:in `call_app'
web-console (3.7.0) lib/web_console/middleware.rb:30:in `block in call'
web-console (3.7.0) lib/web_console/middleware.rb:20:in `catch'
web-console (3.7.0) lib/web_console/middleware.rb:20:in `call'
actionpack (5.2.4.1) lib/action_dispatch/middleware/show_exceptions.rb:33:in `call'
railties (5.2.4.1) lib/rails/rack/logger.rb:38:in `call_app'
railties (5.2.4.1) lib/rails/rack/logger.rb:26:in `block in call'
activesupport (5.2.4.1) lib/active_support/tagged_logging.rb:71:in `block in tagged'
activesupport (5.2.4.1) lib/active_support/tagged_logging.rb:28:in `tagged'
activesupport (5.2.4.1) lib/active_support/tagged_logging.rb:71:in `tagged'
railties (5.2.4.1) lib/rails/rack/logger.rb:26:in `call'
sprockets-rails (3.2.1) lib/sprockets/rails/quiet_assets.rb:13:in `call'
actionpack (5.2.4.1) lib/action_dispatch/middleware/remote_ip.rb:81:in `call'
actionpack (5.2.4.1) lib/action_dispatch/middleware/request_id.rb:27:in `call'
rack (2.2.2) lib/rack/method_override.rb:24:in `call'
rack (2.2.2) lib/rack/runtime.rb:22:in `call'
activesupport (5.2.4.1) lib/active_support/cache/strategy/local_cache_middleware.rb:29:in `call'
actionpack (5.2.4.1) lib/action_dispatch/middleware/executor.rb:14:in `call'
actionpack (5.2.4.1) lib/action_dispatch/middleware/static.rb:127:in `call'
rack (2.2.2) lib/rack/sendfile.rb:110:in `call'
railties (5.2.4.1) lib/rails/engine.rb:524:in `call'
puma (3.12.2) lib/puma/configuration.rb:227:in `call'
puma (3.12.2) lib/puma/server.rb:674:in `handle_request'
puma (3.12.2) lib/puma/server.rb:476:in `process_client'
puma (3.12.2) lib/puma/server.rb:334:in `block in run'
puma (3.12.2) lib/puma/thread_pool.rb:135:in `block in spawn_thread'
Started GET "/events/new" for ::1 at 2020-08-11 18:09:52 +0200
Processing by EventsController#new as HTML
Completed 401 Unauthorized in 126ms (ActiveRecord: 0.0ms)


Started GET "/users/sign_in" for ::1 at 2020-08-11 18:09:52 +0200
Processing by Devise::SessionsController#new as HTML
  Rendering devise/sessions/new.html.erb within layouts/application
  Rendered devise/shared/_links.html.erb (3.9ms)
  Rendered devise/sessions/new.html.erb within layouts/application (220.2ms)
Completed 200 OK in 355ms (Views: 267.3ms | ActiveRecord: 14.5ms)


Started GET "/" for ::1 at 2020-08-11 18:10:11 +0200
Processing by EventsController#index as HTML
  Rendering events/index.html.erb within layouts/application
  [1m[36mEvent Load (0.7ms)[0m  [1m[34mSELECT "events".* FROM "events" ORDER BY "events"."start_date" ASC[0m
  ↳ app/views/events/index.html.erb:23
  Rendered events/index.html.erb within layouts/application (7.3ms)
Completed 200 OK in 34ms (Views: 30.8ms | ActiveRecord: 0.7ms)


Started GET "/" for ::1 at 2020-08-11 18:18:46 +0200
Processing by EventsController#index as HTML
  Rendering events/index.html.erb within layouts/application
  [1m[36mEvent Load (1.4ms)[0m  [1m[34mSELECT "events".* FROM "events" ORDER BY "events"."start_date" ASC[0m
  ↳ app/views/events/index.html.erb:23
  Rendered events/index.html.erb within layouts/application (7.6ms)
Completed 200 OK in 36ms (Views: 32.6ms | ActiveRecord: 1.4ms)


Started GET "/" for ::1 at 2020-08-11 18:18:47 +0200
Processing by EventsController#index as HTML
  Rendering events/index.html.erb within layouts/application
  [1m[36mEvent Load (0.6ms)[0m  [1m[34mSELECT "events".* FROM "events" ORDER BY "events"."start_date" ASC[0m
  ↳ app/views/events/index.html.erb:23
  Rendered events/index.html.erb within layouts/application (12.9ms)
Completed 200 OK in 42ms (Views: 39.3ms | ActiveRecord: 0.6ms)


Started GET "/" for ::1 at 2020-08-11 18:18:50 +0200
Processing by EventsController#index as HTML
  Rendering events/index.html.erb within layouts/application
  [1m[36mEvent Load (2.3ms)[0m  [1m[34mSELECT "events".* FROM "events" ORDER BY "events"."start_date" ASC[0m
  ↳ app/views/events/index.html.erb:23
  Rendered events/index.html.erb within layouts/application (7.9ms)
Completed 200 OK in 36ms (Views: 29.7ms | ActiveRecord: 2.3ms)


Started GET "/" for ::1 at 2020-08-11 18:20:10 +0200
  [1m[35m (1.6ms)[0m  [1m[34mSELECT "schema_migrations"."version" FROM "schema_migrations" ORDER BY "schema_migrations"."version" ASC[0m
  ↳ /var/lib/gems/2.7.0/gems/activerecord-5.2.4.1/lib/active_record/log_subscriber.rb:98
Processing by EventsController#index as HTML
  Rendering events/index.html.erb within layouts/application
  [1m[36mEvent Load (1.3ms)[0m  [1m[34mSELECT "events".* FROM "events" ORDER BY "events"."start_date" ASC[0m
  ↳ app/views/events/index.html.erb:23
  Rendered events/index.html.erb within layouts/application (9.6ms)
Completed 200 OK in 836ms (Views: 799.7ms | ActiveRecord: 6.5ms)


Started GET "/" for ::1 at 2020-08-11 18:20:16 +0200
Processing by EventsController#index as HTML
  Rendering events/index.html.erb within layouts/application
  [1m[36mEvent Load (4.3ms)[0m  [1m[34mSELECT "events".* FROM "events" ORDER BY "events"."start_date" ASC[0m
  ↳ app/views/events/index.html.erb:23
  Rendered events/index.html.erb within layouts/application (8.1ms)
Completed 200 OK in 35ms (Views: 28.1ms | ActiveRecord: 4.3ms)


Started GET "/" for ::1 at 2020-08-11 18:20:30 +0200
Processing by EventsController#index as HTML
  Rendering events/index.html.erb within layouts/application
  [1m[36mEvent Load (5.3ms)[0m  [1m[34mSELECT "events".* FROM "events" ORDER BY "events"."start_date" ASC[0m
  ↳ app/views/events/index.html.erb:23
  Rendered events/index.html.erb within layouts/application (10.7ms)
Completed 200 OK in 43ms (Views: 35.8ms | ActiveRecord: 5.3ms)


Started GET "/" for ::1 at 2020-08-11 18:20:33 +0200
Processing by EventsController#index as HTML
  Rendering events/index.html.erb within layouts/application
  [1m[36mEvent Load (0.6ms)[0m  [1m[34mSELECT "events".* FROM "events" ORDER BY "events"."start_date" ASC[0m
  ↳ app/views/events/index.html.erb:23
  Rendered events/index.html.erb within layouts/application (8.1ms)
Completed 200 OK in 55ms (Views: 52.2ms | ActiveRecord: 0.6ms)


Started GET "/" for ::1 at 2020-08-11 18:20:36 +0200
Processing by EventsController#index as HTML
  Rendering events/index.html.erb within layouts/application
  [1m[36mEvent Load (3.9ms)[0m  [1m[34mSELECT "events".* FROM "events" ORDER BY "events"."start_date" ASC[0m
  ↳ app/views/events/index.html.erb:23
  Rendered events/index.html.erb within layouts/application (7.4ms)
Completed 200 OK in 42ms (Views: 36.0ms | ActiveRecord: 3.9ms)


Started GET "/" for ::1 at 2020-08-11 18:20:38 +0200
Processing by EventsController#index as HTML
  Rendering events/index.html.erb within layouts/application
  [1m[36mEvent Load (0.7ms)[0m  [1m[34mSELECT "events".* FROM "events" ORDER BY "events"."start_date" ASC[0m
  ↳ app/views/events/index.html.erb:23
  Rendered events/index.html.erb within layouts/application (9.4ms)
Completed 200 OK in 41ms (Views: 32.5ms | ActiveRecord: 0.7ms)


Started GET "/" for ::1 at 2020-08-11 18:20:39 +0200
Processing by EventsController#index as HTML
  Rendering events/index.html.erb within layouts/application
  [1m[36mEvent Load (0.9ms)[0m  [1m[34mSELECT "events".* FROM "events" ORDER BY "events"."start_date" ASC[0m
  ↳ app/views/events/index.html.erb:23
  Rendered events/index.html.erb within layouts/application (9.9ms)
Completed 200 OK in 36ms (Views: 32.7ms | ActiveRecord: 0.9ms)


Started GET "/events/new" for ::1 at 2020-08-11 18:21:55 +0200
Processing by EventsController#new as HTML
Completed 401 Unauthorized in 48ms (ActiveRecord: 0.0ms)


Started GET "/users/sign_in" for ::1 at 2020-08-11 18:21:55 +0200
Processing by Devise::SessionsController#new as HTML
  Rendering devise/sessions/new.html.erb within layouts/application
  Rendered devise/shared/_links.html.erb (12.5ms)
  Rendered devise/sessions/new.html.erb within layouts/application (51.8ms)
Completed 200 OK in 167ms (Views: 83.4ms | ActiveRecord: 9.5ms)


Started GET "/users/sign_up" for ::1 at 2020-08-11 18:21:59 +0200
Processing by Devise::RegistrationsController#new as HTML
  Rendering devise/registrations/new.html.erb within layouts/application
  Rendered devise/shared/_error_messages.html.erb (1.4ms)
  Rendered devise/shared/_links.html.erb (2.2ms)
  Rendered devise/registrations/new.html.erb within layouts/application (15.0ms)
Completed 200 OK in 37ms (Views: 34.8ms | ActiveRecord: 0.0ms)


Started GET "/users/sign_in" for ::1 at 2020-08-11 18:22:04 +0200
Processing by Devise::SessionsController#new as HTML
  Rendering devise/sessions/new.html.erb within layouts/application
  Rendered devise/shared/_links.html.erb (2.9ms)
  Rendered devise/sessions/new.html.erb within layouts/application (13.4ms)
Completed 200 OK in 51ms (Views: 49.3ms | ActiveRecord: 0.0ms)


  [1m[35m (100.7ms)[0m  [1m[35mCREATE DATABASE "eventbrite_devise_development" ENCODING = 'unicode'[0m
  ↳ /usr/share/rubygems-integration/all/gems/rake-13.0.1/lib/rake/task.rb:281
  [1m[35m (1.6ms)[0m  [1m[35mCREATE DATABASE "eventbrite_devise_test" ENCODING = 'unicode'[0m
  ↳ /usr/share/rubygems-integration/all/gems/rake-13.0.1/lib/rake/task.rb:281
  [1m[35m (44.8ms)[0m  [1m[34mSELECT "schema_migrations"."version" FROM "schema_migrations" ORDER BY "schema_migrations"."version" ASC[0m
  ↳ /usr/share/rubygems-integration/all/gems/rake-13.0.1/lib/rake/task.rb:281
  [1m[35m (1.4ms)[0m  [1m[34mSELECT "ar_internal_metadata"."value" FROM "ar_internal_metadata" WHERE "ar_internal_metadata"."key" = $1[0m  [["key", "environment"]]
  ↳ /usr/share/rubygems-integration/all/gems/rake-13.0.1/lib/rake/task.rb:281
  [1m[35m (0.7ms)[0m  [1m[34mSELECT "schema_migrations"."version" FROM "schema_migrations" ORDER BY "schema_migrations"."version" ASC[0m
  ↳ /usr/share/rubygems-integration/all/gems/rake-13.0.1/lib/rake/task.rb:281
  [1m[35m (0.6ms)[0m  [1m[34mSELECT "ar_internal_metadata"."value" FROM "ar_internal_metadata" WHERE "ar_internal_metadata"."key" = $1[0m  [["key", "environment"]]
  ↳ /usr/share/rubygems-integration/all/gems/rake-13.0.1/lib/rake/task.rb:281
  [1m[35m (7.3ms)[0m  [1m[34mSELECT "schema_migrations"."version" FROM "schema_migrations" ORDER BY "schema_migrations"."version" ASC[0m
  ↳ /usr/share/rubygems-integration/all/gems/rake-13.0.1/lib/rake/task.rb:281
  [1m[35m (0.5ms)[0m  [1m[34mSELECT "ar_internal_metadata"."value" FROM "ar_internal_metadata" WHERE "ar_internal_metadata"."key" = $1[0m  [["key", "environment"]]
  ↳ /usr/share/rubygems-integration/all/gems/rake-13.0.1/lib/rake/task.rb:281
  [1m[35m (404.4ms)[0m  [1m[35mDROP DATABASE IF EXISTS "eventbrite_devise_development"[0m
  ↳ /usr/share/rubygems-integration/all/gems/rake-13.0.1/lib/rake/task.rb:281
  [1m[35m (446.8ms)[0m  [1m[35mDROP DATABASE IF EXISTS "eventbrite_devise_test"[0m
  ↳ /usr/share/rubygems-integration/all/gems/rake-13.0.1/lib/rake/task.rb:281
  [1m[35m (1743.0ms)[0m  [1m[35mCREATE DATABASE "eventbrite_devise_development" ENCODING = 'unicode'[0m
  ↳ /usr/share/rubygems-integration/all/gems/rake-13.0.1/lib/rake/task.rb:281
  [1m[35m (2582.5ms)[0m  [1m[35mCREATE DATABASE "eventbrite_devise_test" ENCODING = 'unicode'[0m
  ↳ /usr/share/rubygems-integration/all/gems/rake-13.0.1/lib/rake/task.rb:281
  [1m[35m (223.9ms)[0m  [1m[35mCREATE TABLE "schema_migrations" ("version" character varying NOT NULL PRIMARY KEY)[0m
  ↳ /usr/share/rubygems-integration/all/gems/rake-13.0.1/lib/rake/task.rb:281
  [1m[35m (129.1ms)[0m  [1m[35mCREATE TABLE "ar_internal_metadata" ("key" character varying NOT NULL PRIMARY KEY, "value" character varying, "created_at" timestamp NOT NULL, "updated_at" timestamp NOT NULL)[0m
  ↳ /usr/share/rubygems-integration/all/gems/rake-13.0.1/lib/rake/task.rb:281
  [1m[35m (14.7ms)[0m  [1m[34mSELECT pg_try_advisory_lock(7313598518728384365)[0m
  ↳ /usr/share/rubygems-integration/all/gems/rake-13.0.1/lib/rake/task.rb:281
  [1m[35m (1.0ms)[0m  [1m[34mSELECT "schema_migrations"."version" FROM "schema_migrations" ORDER BY "schema_migrations"."version" ASC[0m
  ↳ /usr/share/rubygems-integration/all/gems/rake-13.0.1/lib/rake/task.rb:281
Migrating to CreateUsers (20200217102005)
  [1m[35m (0.4ms)[0m  [1m[35mBEGIN[0m
  ↳ /usr/share/rubygems-integration/all/gems/rake-13.0.1/lib/rake/task.rb:281
  [1m[35m (152.5ms)[0m  [1m[35mCREATE TABLE "users" ("id" bigserial primary key, "first_name" character varying, "last_name" character varying, "description" text, "email" character varying DEFAULT '' NOT NULL, "encrypted_password" character varying DEFAULT '' NOT NULL, "created_at" timestamp NOT NULL, "updated_at" timestamp NOT NULL)[0m
  ↳ db/migrate/20200217102005_create_users.rb:3
  [1m[36mActiveRecord::SchemaMigration Create (1.4ms)[0m  [1m[32mINSERT INTO "schema_migrations" ("version") VALUES ($1) RETURNING "version"[0m  [["version", "20200217102005"]]
  ↳ /usr/share/rubygems-integration/all/gems/rake-13.0.1/lib/rake/task.rb:281
  [1m[35m (26.0ms)[0m  [1m[35mCOMMIT[0m
  ↳ /usr/share/rubygems-integration/all/gems/rake-13.0.1/lib/rake/task.rb:281
Migrating to CreateEvents (20200217102609)
  [1m[35m (0.4ms)[0m  [1m[35mBEGIN[0m
  ↳ /usr/share/rubygems-integration/all/gems/rake-13.0.1/lib/rake/task.rb:281
  [1m[35m (150.1ms)[0m  [1m[35mCREATE TABLE "events" ("id" bigserial primary key, "start_date" timestamp, "duration" integer, "title" character varying, "description" text, "price" integer, "location" character varying, "admin_id" bigint, "created_at" timestamp NOT NULL, "updated_at" timestamp NOT NULL)[0m
  ↳ db/migrate/20200217102609_create_events.rb:3
  [1m[35m (75.7ms)[0m  [1m[35mCREATE  INDEX  "index_events_on_admin_id" ON "events"  ("admin_id")[0m
  ↳ db/migrate/20200217102609_create_events.rb:3
  [1m[36mActiveRecord::SchemaMigration Create (1.0ms)[0m  [1m[32mINSERT INTO "schema_migrations" ("version") VALUES ($1) RETURNING "version"[0m  [["version", "20200217102609"]]
  ↳ /usr/share/rubygems-integration/all/gems/rake-13.0.1/lib/rake/task.rb:281
  [1m[35m (31.0ms)[0m  [1m[35mCOMMIT[0m
  ↳ /usr/share/rubygems-integration/all/gems/rake-13.0.1/lib/rake/task.rb:281
Migrating to CreateAttendances (20200217102837)
  [1m[35m (1.8ms)[0m  [1m[35mBEGIN[0m
  ↳ /usr/share/rubygems-integration/all/gems/rake-13.0.1/lib/rake/task.rb:281
  [1m[35m (134.0ms)[0m  [1m[35mCREATE TABLE "attendances" ("id" bigserial primary key, "stripe_customer_id" character varying, "user_id" bigint, "event_id" bigint, "created_at" timestamp NOT NULL, "updated_at" timestamp NOT NULL)[0m
  ↳ db/migrate/20200217102837_create_attendances.rb:3
  [1m[35m (60.4ms)[0m  [1m[35mCREATE  INDEX  "index_attendances_on_user_id" ON "attendances"  ("user_id")[0m
  ↳ db/migrate/20200217102837_create_attendances.rb:3
  [1m[35m (56.2ms)[0m  [1m[35mCREATE  INDEX  "index_attendances_on_event_id" ON "attendances"  ("event_id")[0m
  ↳ db/migrate/20200217102837_create_attendances.rb:3
  [1m[36mActiveRecord::SchemaMigration Create (0.6ms)[0m  [1m[32mINSERT INTO "schema_migrations" ("version") VALUES ($1) RETURNING "version"[0m  [["version", "20200217102837"]]
  ↳ /usr/share/rubygems-integration/all/gems/rake-13.0.1/lib/rake/task.rb:281
  [1m[35m (32.5ms)[0m  [1m[35mCOMMIT[0m
  ↳ /usr/share/rubygems-integration/all/gems/rake-13.0.1/lib/rake/task.rb:281
Migrating to AddDeviseToUsers (20200218125509)
  [1m[35m (0.7ms)[0m  [1m[35mBEGIN[0m
  ↳ /usr/share/rubygems-integration/all/gems/rake-13.0.1/lib/rake/task.rb:281
  [1m[35m (1.4ms)[0m  [1m[35mALTER TABLE "users" ADD "reset_password_token" character varying[0m
  ↳ db/migrate/20200218125509_add_devise_to_users.rb:9
  [1m[35m (0.6ms)[0m  [1m[35mALTER TABLE "users" ADD "reset_password_sent_at" timestamp[0m
  ↳ db/migrate/20200218125509_add_devise_to_users.rb:10
  [1m[35m (0.8ms)[0m  [1m[35mALTER TABLE "users" ADD "remember_created_at" timestamp[0m
  ↳ db/migrate/20200218125509_add_devise_to_users.rb:13
  [1m[35m (56.1ms)[0m  [1m[35mCREATE UNIQUE INDEX  "index_users_on_email" ON "users"  ("email")[0m
  ↳ db/migrate/20200218125509_add_devise_to_users.rb:38
  [1m[35m (55.0ms)[0m  [1m[35mCREATE UNIQUE INDEX  "index_users_on_reset_password_token" ON "users"  ("reset_password_token")[0m
  ↳ db/migrate/20200218125509_add_devise_to_users.rb:39
  [1m[36mActiveRecord::SchemaMigration Create (3.0ms)[0m  [1m[32mINSERT INTO "schema_migrations" ("version") VALUES ($1) RETURNING "version"[0m  [["version", "20200218125509"]]
  ↳ /usr/share/rubygems-integration/all/gems/rake-13.0.1/lib/rake/task.rb:281
  [1m[35m (29.8ms)[0m  [1m[35mCOMMIT[0m
  ↳ /usr/share/rubygems-integration/all/gems/rake-13.0.1/lib/rake/task.rb:281
  [1m[36mActiveRecord::InternalMetadata Load (1.2ms)[0m  [1m[34mSELECT  "ar_internal_metadata".* FROM "ar_internal_metadata" WHERE "ar_internal_metadata"."key" = $1 LIMIT $2[0m  [["key", "environment"], ["LIMIT", 1]]
  ↳ /usr/share/rubygems-integration/all/gems/rake-13.0.1/lib/rake/task.rb:281
  [1m[35m (0.4ms)[0m  [1m[35mBEGIN[0m
  ↳ /usr/share/rubygems-integration/all/gems/rake-13.0.1/lib/rake/task.rb:281
  [1m[36mActiveRecord::InternalMetadata Create (0.9ms)[0m  [1m[32mINSERT INTO "ar_internal_metadata" ("key", "value", "created_at", "updated_at") VALUES ($1, $2, $3, $4) RETURNING "key"[0m  [["key", "environment"], ["value", "development"], ["created_at", "2020-08-11 16:45:30.564544"], ["updated_at", "2020-08-11 16:45:30.564544"]]
  ↳ /usr/share/rubygems-integration/all/gems/rake-13.0.1/lib/rake/task.rb:281
  [1m[35m (31.7ms)[0m  [1m[35mCOMMIT[0m
  ↳ /usr/share/rubygems-integration/all/gems/rake-13.0.1/lib/rake/task.rb:281
  [1m[35m (0.6ms)[0m  [1m[34mSELECT pg_advisory_unlock(7313598518728384365)[0m
  ↳ /usr/share/rubygems-integration/all/gems/rake-13.0.1/lib/rake/task.rb:281
  [1m[35m (1.3ms)[0m  [1m[34mSELECT "schema_migrations"."version" FROM "schema_migrations" ORDER BY "schema_migrations"."version" ASC[0m
  ↳ /usr/share/rubygems-integration/all/gems/rake-13.0.1/lib/rake/task.rb:281
  [1m[35m (1.8ms)[0m  [1m[34mSELECT "schema_migrations"."version" FROM "schema_migrations" ORDER BY "schema_migrations"."version" ASC[0m
  ↳ /usr/share/rubygems-integration/all/gems/rake-13.0.1/lib/rake/task.rb:281
  [1m[36mUser Load (1.5ms)[0m  [1m[34mSELECT "users".* FROM "users"[0m
  ↳ db/seeds.rb:2
  [1m[36mEvent Load (1.1ms)[0m  [1m[34mSELECT "events".* FROM "events"[0m
  ↳ db/seeds.rb:3
  [1m[35m (0.3ms)[0m  [1m[35mBEGIN[0m
  ↳ db/seeds.rb:7
  [1m[36mUser Exists (1.0ms)[0m  [1m[34mSELECT  1 AS one FROM "users" WHERE "users"."email" = $1 LIMIT $2[0m  [["email", "darryl1@yopmail.com"], ["LIMIT", 1]]
  ↳ db/seeds.rb:7
  [1m[36mUser Create (1.3ms)[0m  [1m[32mINSERT INTO "users" ("first_name", "last_name", "description", "email", "encrypted_password", "created_at", "updated_at") VALUES ($1, $2, $3, $4, $5, $6, $7) RETURNING "id"[0m  [["first_name", "Theo"], ["last_name", "Anderson"], ["description", "Rerum laudantium eaque. Sapiente atque nulla. Ut deleniti sit."], ["email", "darryl1@yopmail.com"], ["encrypted_password", "$2a$11$lbRYJ4QGX2X8xsG9HYl.L.obYG.jdr7CB8e54EZ810RAvb0ZTg.4O"], ["created_at", "2020-08-11 16:45:40.316691"], ["updated_at", "2020-08-11 16:45:40.316691"]]
  ↳ db/seeds.rb:7
  [1m[35m (38.2ms)[0m  [1m[35mCOMMIT[0m
  ↳ db/seeds.rb:7
  [1m[35m (0.3ms)[0m  [1m[35mBEGIN[0m
  ↳ db/seeds.rb:7
  [1m[36mUser Exists (1.3ms)[0m  [1m[34mSELECT  1 AS one FROM "users" WHERE "users"."email" = $1 LIMIT $2[0m  [["email", "erica2@yopmail.com"], ["LIMIT", 1]]
  ↳ db/seeds.rb:7
  [1m[36mUser Create (0.8ms)[0m  [1m[32mINSERT INTO "users" ("first_name", "last_name", "description", "email", "encrypted_password", "created_at", "updated_at") VALUES ($1, $2, $3, $4, $5, $6, $7) RETURNING "id"[0m  [["first_name", "Antione"], ["last_name", "MacGyver"], ["description", "Sequi voluptates quam. Amet aut accusamus. Necessitatibus unde est."], ["email", "erica2@yopmail.com"], ["encrypted_password", "$2a$11$Fweed5irc2Y5RzByteyrTOSCuVS64/jSHvDwBXyn3aRyBqHSaJJ6."], ["created_at", "2020-08-11 16:45:40.568675"], ["updated_at", "2020-08-11 16:45:40.568675"]]
  ↳ db/seeds.rb:7
  [1m[35m (23.1ms)[0m  [1m[35mCOMMIT[0m
  ↳ db/seeds.rb:7
  [1m[35m (0.3ms)[0m  [1m[35mBEGIN[0m
  ↳ db/seeds.rb:7
  [1m[36mUser Exists (0.9ms)[0m  [1m[34mSELECT  1 AS one FROM "users" WHERE "users"."email" = $1 LIMIT $2[0m  [["email", "rashad3@yopmail.com"], ["LIMIT", 1]]
  ↳ db/seeds.rb:7
  [1m[36mUser Create (0.8ms)[0m  [1m[32mINSERT INTO "users" ("first_name", "last_name", "description", "email", "encrypted_password", "created_at", "updated_at") VALUES ($1, $2, $3, $4, $5, $6, $7) RETURNING "id"[0m  [["first_name", "Sharonda"], ["last_name", "Heathcote"], ["description", "Est voluptas quia. Dolorem perspiciatis molestias. Sequi et repellat."], ["email", "rashad3@yopmail.com"], ["encrypted_password", "$2a$11$1hslTiTfddkx91jVE3R5H.1PPRyGv7GO0q.v.kfy5M3wZnTMAmq0u"], ["created_at", "2020-08-11 16:45:40.806391"], ["updated_at", "2020-08-11 16:45:40.806391"]]
  ↳ db/seeds.rb:7
  [1m[35m (42.9ms)[0m  [1m[35mCOMMIT[0m
  ↳ db/seeds.rb:7
  [1m[35m (0.3ms)[0m  [1m[35mBEGIN[0m
  ↳ db/seeds.rb:7
  [1m[36mUser Exists (1.0ms)[0m  [1m[34mSELECT  1 AS one FROM "users" WHERE "users"."email" = $1 LIMIT $2[0m  [["email", "paris4@yopmail.com"], ["LIMIT", 1]]
  ↳ db/seeds.rb:7
  [1m[36mUser Create (1.1ms)[0m  [1m[32mINSERT INTO "users" ("first_name", "last_name", "description", "email", "encrypted_password", "created_at", "updated_at") VALUES ($1, $2, $3, $4, $5, $6, $7) RETURNING "id"[0m  [["first_name", "Melanie"], ["last_name", "O'Keefe"], ["description", "Aut architecto molestiae. Laudantium eum et. Enim voluptatem et."], ["email", "paris4@yopmail.com"], ["encrypted_password", "$2a$11$yB693uf4VutBKH/58bi7eeYUwdOOfOFaJWjmMu8qkJtFcNxr1X2VG"], ["created_at", "2020-08-11 16:45:41.066557"], ["updated_at", "2020-08-11 16:45:41.066557"]]
  ↳ db/seeds.rb:7
  [1m[35m (29.4ms)[0m  [1m[35mCOMMIT[0m
  ↳ db/seeds.rb:7
  [1m[35m (0.2ms)[0m  [1m[35mBEGIN[0m
  ↳ db/seeds.rb:7
  [1m[36mUser Exists (0.8ms)[0m  [1m[34mSELECT  1 AS one FROM "users" WHERE "users"."email" = $1 LIMIT $2[0m  [["email", "grover5@yopmail.com"], ["LIMIT", 1]]
  ↳ db/seeds.rb:7
  [1m[36mUser Create (0.8ms)[0m  [1m[32mINSERT INTO "users" ("first_name", "last_name", "description", "email", "encrypted_password", "created_at", "updated_at") VALUES ($1, $2, $3, $4, $5, $6, $7) RETURNING "id"[0m  [["first_name", "Bud"], ["last_name", "Ruecker"], ["description", "Ut enim placeat. In sunt sint. Voluptate sunt dolores."], ["email", "grover5@yopmail.com"], ["encrypted_password", "$2a$11$wMato8HDluDM2fJmQDkKZuH8jfmSc81CI6TMisboLck9aw16tpR8m"], ["created_at", "2020-08-11 16:45:41.304062"], ["updated_at", "2020-08-11 16:45:41.304062"]]
  ↳ db/seeds.rb:7
  [1m[35m (27.9ms)[0m  [1m[35mCOMMIT[0m
  ↳ db/seeds.rb:7
  [1m[35m (0.3ms)[0m  [1m[35mBEGIN[0m
  ↳ db/seeds.rb:7
  [1m[36mUser Exists (0.8ms)[0m  [1m[34mSELECT  1 AS one FROM "users" WHERE "users"."email" = $1 LIMIT $2[0m  [["email", "lazaro6@yopmail.com"], ["LIMIT", 1]]
  ↳ db/seeds.rb:7
  [1m[36mUser Create (0.7ms)[0m  [1m[32mINSERT INTO "users" ("first_name", "last_name", "description", "email", "encrypted_password", "created_at", "updated_at") VALUES ($1, $2, $3, $4, $5, $6, $7) RETURNING "id"[0m  [["first_name", "William"], ["last_name", "Kling"], ["description", "Blanditiis consequatur occaecati. Fugit modi saepe. Sint incidunt eius."], ["email", "lazaro6@yopmail.com"], ["encrypted_password", "$2a$11$pyjA.WAnfNXuuMhkka55qejZxJ8ac9YY8VzAlnQvJIZB55V6ibGN."], ["created_at", "2020-08-11 16:45:41.545437"], ["updated_at", "2020-08-11 16:45:41.545437"]]
  ↳ db/seeds.rb:7
  [1m[35m (33.5ms)[0m  [1m[35mCOMMIT[0m
  ↳ db/seeds.rb:7
  [1m[35m (0.2ms)[0m  [1m[35mBEGIN[0m
  ↳ db/seeds.rb:7
  [1m[36mUser Exists (0.8ms)[0m  [1m[34mSELECT  1 AS one FROM "users" WHERE "users"."email" = $1 LIMIT $2[0m  [["email", "edgardo7@yopmail.com"], ["LIMIT", 1]]
  ↳ db/seeds.rb:7
  [1m[36mUser Create (0.8ms)[0m  [1m[32mINSERT INTO "users" ("first_name", "last_name", "description", "email", "encrypted_password", "created_at", "updated_at") VALUES ($1, $2, $3, $4, $5, $6, $7) RETURNING "id"[0m  [["first_name", "Leida"], ["last_name", "Hahn"], ["description", "Et consequatur maiores. Esse sit nihil. Omnis et minima."], ["email", "edgardo7@yopmail.com"], ["encrypted_password", "$2a$11$yVTGIgCmeXTxRYYImiAV0e6JGkeabZ4qx5AL0WsJSiuj0fvXNAInK"], ["created_at", "2020-08-11 16:45:41.795036"], ["updated_at", "2020-08-11 16:45:41.795036"]]
  ↳ db/seeds.rb:7
  [1m[35m (55.6ms)[0m  [1m[35mCOMMIT[0m
  ↳ db/seeds.rb:7
  [1m[35m (0.2ms)[0m  [1m[35mBEGIN[0m
  ↳ db/seeds.rb:7
  [1m[36mUser Exists (0.7ms)[0m  [1m[34mSELECT  1 AS one FROM "users" WHERE "users"."email" = $1 LIMIT $2[0m  [["email", "trent8@yopmail.com"], ["LIMIT", 1]]
  ↳ db/seeds.rb:7
  [1m[36mUser Create (0.8ms)[0m  [1m[32mINSERT INTO "users" ("first_name", "last_name", "description", "email", "encrypted_password", "created_at", "updated_at") VALUES ($1, $2, $3, $4, $5, $6, $7) RETURNING "id"[0m  [["first_name", "Kareen"], ["last_name", "Koepp"], ["description", "Molestiae quisquam aut. Quibusdam qui fugit. Ea maiores excepturi."], ["email", "trent8@yopmail.com"], ["encrypted_password", "$2a$11$uzPEChf3f6cpJF.mqpg/1euVryyf6BTjNtgZyMilMMzzDGbjZlDx2"], ["created_at", "2020-08-11 16:45:42.061303"], ["updated_at", "2020-08-11 16:45:42.061303"]]
  ↳ db/seeds.rb:7
  [1m[35m (47.2ms)[0m  [1m[35mCOMMIT[0m
  ↳ db/seeds.rb:7
  [1m[35m (0.3ms)[0m  [1m[35mBEGIN[0m
  ↳ db/seeds.rb:7
  [1m[36mUser Exists (0.9ms)[0m  [1m[34mSELECT  1 AS one FROM "users" WHERE "users"."email" = $1 LIMIT $2[0m  [["email", "leland9@yopmail.com"], ["LIMIT", 1]]
  ↳ db/seeds.rb:7
  [1m[36mUser Create (0.8ms)[0m  [1m[32mINSERT INTO "users" ("first_name", "last_name", "description", "email", "encrypted_password", "created_at", "updated_at") VALUES ($1, $2, $3, $4, $5, $6, $7) RETURNING "id"[0m  [["first_name", "Lupe"], ["last_name", "Macejkovic"], ["description", "Et nesciunt sit. Fugit sit quod. Sequi quod magnam."], ["email", "leland9@yopmail.com"], ["encrypted_password", "$2a$11$rqz8/sL5N5n1l1ak4H0zHuH7D4vg/ettI5.bahY5Puu2xHfWne.Dm"], ["created_at", "2020-08-11 16:45:42.317348"], ["updated_at", "2020-08-11 16:45:42.317348"]]
  ↳ db/seeds.rb:7
  [1m[35m (26.9ms)[0m  [1m[35mCOMMIT[0m
  ↳ db/seeds.rb:7
  [1m[35m (0.3ms)[0m  [1m[35mBEGIN[0m
  ↳ db/seeds.rb:7
  [1m[36mUser Exists (1.5ms)[0m  [1m[34mSELECT  1 AS one FROM "users" WHERE "users"."email" = $1 LIMIT $2[0m  [["email", "kathe10@yopmail.com"], ["LIMIT", 1]]
  ↳ db/seeds.rb:7
  [1m[36mUser Create (0.8ms)[0m  [1m[32mINSERT INTO "users" ("first_name", "last_name", "description", "email", "encrypted_password", "created_at", "updated_at") VALUES ($1, $2, $3, $4, $5, $6, $7) RETURNING "id"[0m  [["first_name", "Leandra"], ["last_name", "Dach"], ["description", "Pariatur provident quaerat. Et consequuntur suscipit. Ut rerum eveniet."], ["email", "kathe10@yopmail.com"], ["encrypted_password", "$2a$11$wksLK0ysUinSmk5hB3VZXuUc1ABkXPpCMt2mAVYdH16uaMPFCC34q"], ["created_at", "2020-08-11 16:45:42.553694"], ["updated_at", "2020-08-11 16:45:42.553694"]]
  ↳ db/seeds.rb:7
  [1m[35m (26.3ms)[0m  [1m[35mCOMMIT[0m
  ↳ db/seeds.rb:7
  [1m[35m (0.2ms)[0m  [1m[35mBEGIN[0m
  ↳ db/seeds.rb:21
  [1m[35m (1.1ms)[0m  [1m[31mROLLBACK[0m
  ↳ db/seeds.rb:21
Started GET "/" for ::1 at 2020-08-11 18:46:24 +0200
  [1m[35m (1.1ms)[0m  [1m[34mSELECT "schema_migrations"."version" FROM "schema_migrations" ORDER BY "schema_migrations"."version" ASC[0m
  ↳ /var/lib/gems/2.7.0/gems/activerecord-5.2.4.1/lib/active_record/log_subscriber.rb:98
Processing by EventsController#index as HTML
  Rendering events/index.html.erb within layouts/application
  [1m[36mEvent Load (1.7ms)[0m  [1m[34mSELECT "events".* FROM "events" ORDER BY "events"."start_date" ASC[0m
  ↳ app/views/events/index.html.erb:23
  Rendered events/index.html.erb within layouts/application (11.0ms)
Completed 200 OK in 490ms (Views: 459.2ms | ActiveRecord: 4.7ms)


Started GET "/index.html" for ::1 at 2020-08-11 18:46:54 +0200
  
ActionController::RoutingError (No route matches [GET] "/index.html"):
  
actionpack (5.2.4.1) lib/action_dispatch/middleware/debug_exceptions.rb:65:in `call'
web-console (3.7.0) lib/web_console/middleware.rb:135:in `call_app'
web-console (3.7.0) lib/web_console/middleware.rb:30:in `block in call'
web-console (3.7.0) lib/web_console/middleware.rb:20:in `catch'
web-console (3.7.0) lib/web_console/middleware.rb:20:in `call'
actionpack (5.2.4.1) lib/action_dispatch/middleware/show_exceptions.rb:33:in `call'
railties (5.2.4.1) lib/rails/rack/logger.rb:38:in `call_app'
railties (5.2.4.1) lib/rails/rack/logger.rb:26:in `block in call'
activesupport (5.2.4.1) lib/active_support/tagged_logging.rb:71:in `block in tagged'
activesupport (5.2.4.1) lib/active_support/tagged_logging.rb:28:in `tagged'
activesupport (5.2.4.1) lib/active_support/tagged_logging.rb:71:in `tagged'
railties (5.2.4.1) lib/rails/rack/logger.rb:26:in `call'
sprockets-rails (3.2.1) lib/sprockets/rails/quiet_assets.rb:13:in `call'
actionpack (5.2.4.1) lib/action_dispatch/middleware/remote_ip.rb:81:in `call'
actionpack (5.2.4.1) lib/action_dispatch/middleware/request_id.rb:27:in `call'
rack (2.2.2) lib/rack/method_override.rb:24:in `call'
rack (2.2.2) lib/rack/runtime.rb:22:in `call'
activesupport (5.2.4.1) lib/active_support/cache/strategy/local_cache_middleware.rb:29:in `call'
actionpack (5.2.4.1) lib/action_dispatch/middleware/executor.rb:14:in `call'
actionpack (5.2.4.1) lib/action_dispatch/middleware/static.rb:127:in `call'
rack (2.2.2) lib/rack/sendfile.rb:110:in `call'
railties (5.2.4.1) lib/rails/engine.rb:524:in `call'
puma (3.12.2) lib/puma/configuration.rb:227:in `call'
puma (3.12.2) lib/puma/server.rb:674:in `handle_request'
puma (3.12.2) lib/puma/server.rb:476:in `process_client'
puma (3.12.2) lib/puma/server.rb:334:in `block in run'
puma (3.12.2) lib/puma/thread_pool.rb:135:in `block in spawn_thread'
Started GET "/" for ::1 at 2020-08-11 18:47:14 +0200
Processing by EventsController#index as HTML
  Rendering events/index.html.erb within layouts/application
  [1m[36mEvent Load (6.7ms)[0m  [1m[34mSELECT "events".* FROM "events" ORDER BY "events"."start_date" ASC[0m
  ↳ app/views/events/index.html.erb:23
  Rendered events/index.html.erb within layouts/application (20.0ms)
Completed 200 OK in 54ms (Views: 45.4ms | ActiveRecord: 6.7ms)


Started GET "/events/new" for ::1 at 2020-08-11 18:47:41 +0200
Processing by EventsController#new as HTML
Completed 401 Unauthorized in 44ms (ActiveRecord: 0.0ms)


Started GET "/users/sign_in" for ::1 at 2020-08-11 18:47:41 +0200
Processing by Devise::SessionsController#new as HTML
  Rendering devise/sessions/new.html.erb within layouts/application
  Rendered devise/shared/_links.html.erb (3.2ms)
  Rendered devise/sessions/new.html.erb within layouts/application (56.4ms)
Completed 200 OK in 155ms (Views: 98.4ms | ActiveRecord: 8.2ms)


Started GET "/users/sign_up" for ::1 at 2020-08-11 18:47:45 +0200
Processing by Devise::RegistrationsController#new as HTML
  Rendering devise/registrations/new.html.erb within layouts/application
  Rendered devise/shared/_error_messages.html.erb (2.1ms)
  Rendered devise/shared/_links.html.erb (2.3ms)
  Rendered devise/registrations/new.html.erb within layouts/application (14.9ms)
Completed 200 OK in 42ms (Views: 39.4ms | ActiveRecord: 0.0ms)


Started POST "/users" for ::1 at 2020-08-11 18:48:06 +0200
Processing by Devise::RegistrationsController#create as HTML
  Parameters: {"utf8"=>"✓", "authenticity_token"=>"KUy4natSqYPz0jw5A7tsCxwmTGRjMi49HetfRCeUY/t+T/9myBSn/rW0vMS7+Yq1h59OA7+WQinw+8RDea8fmw==", "user"=>{"email"=>"rifbache@gmail.com", "password"=>"[FILTERED]", "password_confirmation"=>"[FILTERED]"}, "commit"=>"Sign up"}
  [1m[35m (0.3ms)[0m  [1m[35mBEGIN[0m
  ↳ /var/lib/gems/2.7.0/gems/activerecord-5.2.4.1/lib/active_record/log_subscriber.rb:98
  [1m[36mUser Exists (1.2ms)[0m  [1m[34mSELECT  1 AS one FROM "users" WHERE "users"."email" = $1 LIMIT $2[0m  [["email", "rifbache@gmail.com"], ["LIMIT", 1]]
  ↳ /var/lib/gems/2.7.0/gems/activerecord-5.2.4.1/lib/active_record/log_subscriber.rb:98
  [1m[36mUser Create (0.8ms)[0m  [1m[32mINSERT INTO "users" ("email", "encrypted_password", "created_at", "updated_at") VALUES ($1, $2, $3, $4) RETURNING "id"[0m  [["email", "rifbache@gmail.com"], ["encrypted_password", "$2a$11$5cfWaS.NPE0k00F.xTF8JeBpj6IehhxNGxiTexZOS7k4FDh6.PLLm"], ["created_at", "2020-08-11 16:48:06.913295"], ["updated_at", "2020-08-11 16:48:06.913295"]]
  ↳ /var/lib/gems/2.7.0/gems/activerecord-5.2.4.1/lib/active_record/log_subscriber.rb:98
  [1m[35m (24.5ms)[0m  [1m[35mCOMMIT[0m
  ↳ /var/lib/gems/2.7.0/gems/activerecord-5.2.4.1/lib/active_record/log_subscriber.rb:98
Redirected to http://localhost:3000/events/new
Completed 302 Found in 253ms (ActiveRecord: 26.8ms)


Started GET "/events/new" for ::1 at 2020-08-11 18:48:06 +0200
Processing by EventsController#new as HTML
  [1m[36mUser Load (0.7ms)[0m  [1m[34mSELECT  "users".* FROM "users" WHERE "users"."id" = $1 ORDER BY "users"."id" ASC LIMIT $2[0m  [["id", 11], ["LIMIT", 1]]
  ↳ /var/lib/gems/2.7.0/gems/activerecord-5.2.4.1/lib/active_record/log_subscriber.rb:98
  Rendering events/new.html.erb within layouts/application
  Rendered events/new.html.erb within layouts/application (3.0ms)
Completed 200 OK in 81ms (Views: 27.7ms | ActiveRecord: 7.5ms)


Started POST "/events" for ::1 at 2020-08-11 18:49:38 +0200
Processing by EventsController#create as HTML
  Parameters: {"utf8"=>"✓", "authenticity_token"=>"1ufyAdh2rFOmdozaG5z62IzdUjEa4EuF+WyZuvjos+NlFyo4gii4mXpBG8N5HlUoV5l+D8cMyiH2eGsmrynd8w==", "title"=>"concert", "start_date"=>"15-08-2020", "duration"=>"120", "price"=>"50$", "location"=>"Lyon", "description"=>"Invite Back M", "commit"=>"Save new event"}
  [1m[36mUser Load (1.3ms)[0m  [1m[34mSELECT  "users".* FROM "users" WHERE "users"."id" = $1 ORDER BY "users"."id" ASC LIMIT $2[0m  [["id", 11], ["LIMIT", 1]]
  ↳ /var/lib/gems/2.7.0/gems/activerecord-5.2.4.1/lib/active_record/log_subscriber.rb:98
  [1m[35m (1.2ms)[0m  [1m[35mBEGIN[0m
  ↳ app/controllers/events_controller.rb:15
  [1m[36mUser Load (0.5ms)[0m  [1m[34mSELECT  "users".* FROM "users" WHERE "users"."id" = $1 LIMIT $2[0m  [["id", 11], ["LIMIT", 1]]
  ↳ app/controllers/events_controller.rb:15
  [1m[35m (0.3ms)[0m  [1m[31mROLLBACK[0m
  ↳ app/controllers/events_controller.rb:15
  Rendering events/new.html.erb within layouts/application
  Rendered events/new.html.erb within layouts/application (7.0ms)
Completed 200 OK in 134ms (Views: 21.7ms | ActiveRecord: 3.3ms)


Started POST "/events" for ::1 at 2020-08-11 18:49:55 +0200
Processing by EventsController#create as HTML
  Parameters: {"utf8"=>"✓", "authenticity_token"=>"fHzwrLM/hL76VsmUHyxYyNoTRHnmmBQhOBxuIqeZMlHPjCiV6WGQdCZhXo19rvc4AVdoRzt0lYU3CJy+8FhcQQ==", "title"=>"concert", "start_date"=>"15-08-2020", "duration"=>"120", "price"=>"50$", "location"=>"Lyon", "description"=>"Invite  M", "commit"=>"Save new event"}
  [1m[36mUser Load (2.2ms)[0m  [1m[34mSELECT  "users".* FROM "users" WHERE "users"."id" = $1 ORDER BY "users"."id" ASC LIMIT $2[0m  [["id", 11], ["LIMIT", 1]]
  ↳ /var/lib/gems/2.7.0/gems/activerecord-5.2.4.1/lib/active_record/log_subscriber.rb:98
  [1m[35m (1.0ms)[0m  [1m[35mBEGIN[0m
  ↳ app/controllers/events_controller.rb:15
  [1m[36mUser Load (1.6ms)[0m  [1m[34mSELECT  "users".* FROM "users" WHERE "users"."id" = $1 LIMIT $2[0m  [["id", 11], ["LIMIT", 1]]
  ↳ app/controllers/events_controller.rb:15
  [1m[35m (3.5ms)[0m  [1m[31mROLLBACK[0m
  ↳ app/controllers/events_controller.rb:15
  Rendering events/new.html.erb within layouts/application
  Rendered events/new.html.erb within layouts/application (7.8ms)
Completed 200 OK in 45ms (Views: 24.4ms | ActiveRecord: 8.3ms)


Started POST "/events" for ::1 at 2020-08-11 18:51:56 +0200
Processing by EventsController#create as HTML
  Parameters: {"utf8"=>"✓", "authenticity_token"=>"i32qffkCfcdWBP4LQRgd8t5ReGbIQDDR4F76LfVQy4A4jXJEo1xpDYozaRIjmrICBRVUWBWssXXvSgixopGlkA==", "title"=>"concert", "start_date"=>"15-08-2020", "duration"=>"120", "price"=>"50", "location"=>"Lyon", "description"=>" BLACK M serait présent dans  le concert! A ne surtout pas raté", "commit"=>"Save new event"}
  [1m[36mUser Load (2.5ms)[0m  [1m[34mSELECT  "users".* FROM "users" WHERE "users"."id" = $1 ORDER BY "users"."id" ASC LIMIT $2[0m  [["id", 11], ["LIMIT", 1]]
  ↳ /var/lib/gems/2.7.0/gems/activerecord-5.2.4.1/lib/active_record/log_subscriber.rb:98
  [1m[35m (1.5ms)[0m  [1m[35mBEGIN[0m
  ↳ app/controllers/events_controller.rb:15
  [1m[36mUser Load (3.7ms)[0m  [1m[34mSELECT  "users".* FROM "users" WHERE "users"."id" = $1 LIMIT $2[0m  [["id", 11], ["LIMIT", 1]]
  ↳ app/controllers/events_controller.rb:15
  [1m[36mEvent Create (1.2ms)[0m  [1m[32mINSERT INTO "events" ("start_date", "duration", "title", "description", "price", "location", "admin_id", "created_at", "updated_at") VALUES ($1, $2, $3, $4, $5, $6, $7, $8, $9) RETURNING "id"[0m  [["start_date", "2020-08-15 00:00:00"], ["duration", 120], ["title", "concert"], ["description", " BLACK M serait présent dans  le concert! A ne surtout pas raté"], ["price", 50], ["location", "Lyon"], ["admin_id", 11], ["created_at", "2020-08-11 16:51:56.528616"], ["updated_at", "2020-08-11 16:51:56.528616"]]
  ↳ app/controllers/events_controller.rb:15
  [1m[35m (61.4ms)[0m  [1m[35mCOMMIT[0m
  ↳ app/controllers/events_controller.rb:15
Redirected to http://localhost:3000/
Completed 302 Found in 84ms (ActiveRecord: 70.3ms)


Started GET "/" for ::1 at 2020-08-11 18:51:56 +0200
Processing by EventsController#index as HTML
  Rendering events/index.html.erb within layouts/application
  [1m[36mEvent Load (4.8ms)[0m  [1m[34mSELECT "events".* FROM "events" ORDER BY "events"."start_date" ASC[0m
  ↳ app/views/events/index.html.erb:23
  Rendered events/index.html.erb within layouts/application (16.5ms)
  [1m[36mUser Load (0.6ms)[0m  [1m[34mSELECT  "users".* FROM "users" WHERE "users"."id" = $1 ORDER BY "users"."id" ASC LIMIT $2[0m  [["id", 11], ["LIMIT", 1]]
  ↳ app/views/layouts/application.html.erb:31
Completed 200 OK in 42ms (Views: 33.1ms | ActiveRecord: 5.4ms)


Started GET "/" for ::1 at 2020-08-11 18:56:45 +0200
Processing by EventsController#index as HTML
  Rendering events/index.html.erb within layouts/application
  [1m[36mEvent Load (0.7ms)[0m  [1m[34mSELECT "events".* FROM "events" ORDER BY "events"."start_date" ASC[0m
  ↳ app/views/events/index.html.erb:23
  Rendered events/index.html.erb within layouts/application (11.4ms)
  [1m[36mUser Load (0.9ms)[0m  [1m[34mSELECT  "users".* FROM "users" WHERE "users"."id" = $1 ORDER BY "users"."id" ASC LIMIT $2[0m  [["id", 11], ["LIMIT", 1]]
  ↳ app/views/layouts/application.html.erb:31
Completed 200 OK in 58ms (Views: 52.8ms | ActiveRecord: 1.6ms)


Started GET "/events/1" for ::1 at 2020-08-11 18:57:00 +0200
Processing by EventsController#show as HTML
  Parameters: {"id"=>"1"}
  [1m[36mEvent Load (0.6ms)[0m  [1m[34mSELECT  "events".* FROM "events" WHERE "events"."id" = $1 LIMIT $2[0m  [["id", 1], ["LIMIT", 1]]
  ↳ app/controllers/events_controller.rb:24
  Rendering events/show.html.erb within layouts/application
  [1m[36mUser Load (1.0ms)[0m  [1m[34mSELECT  "users".* FROM "users" WHERE "users"."id" = $1 LIMIT $2[0m  [["id", 11], ["LIMIT", 1]]
  ↳ app/views/events/show.html.erb:15
  [1m[36mUser Load (8.7ms)[0m  [1m[34mSELECT  "users".* FROM "users" WHERE "users"."id" = $1 ORDER BY "users"."id" ASC LIMIT $2[0m  [["id", 11], ["LIMIT", 1]]
  ↳ app/views/events/show.html.erb:17
  Rendered events/show.html.erb within layouts/application (20.0ms)
Completed 200 OK in 76ms (Views: 54.4ms | ActiveRecord: 10.2ms)


